  [1m[35mSQL (1.3ms)[0m  [1m[35mSET search_path TO public /*application='NotesApp'*/[0m
  [1m[35m (36.2ms)[0m  [1m[35mCREATE DATABASE "notes_app" ENCODING = 'unicode' /*application='NotesApp'*/[0m
  [1m[35mSQL (0.3ms)[0m  [1m[35mSET search_path TO public /*application='NotesApp'*/[0m
  [1m[35m (77.2ms)[0m  [1m[35mCREATE DATABASE "notes_app_test" ENCODING = 'unicode' /*application='NotesApp'*/[0m
  [1m[35m (8.6ms)[0m  [1m[35mCREATE TABLE "schema_migrations" ("version" character varying NOT NULL PRIMARY KEY) /*application='NotesApp'*/[0m
  [1m[35m (5.7ms)[0m  [1m[35mCREATE TABLE "ar_internal_metadata" ("key" character varying NOT NULL PRIMARY KEY, "value" character varying, "created_at" timestamp(6) NOT NULL, "updated_at" timestamp(6) NOT NULL) /*application='NotesApp'*/[0m
  [1m[35m (0.5ms)[0m  [1m[34mSELECT pg_try_advisory_lock(1113039369399001800) /*application='NotesApp'*/[0m
  [1m[36mActiveRecord::SchemaMigration Load (1.0ms)[0m  [1m[34mSELECT "schema_migrations"."version" FROM "schema_migrations" ORDER BY "schema_migrations"."version" ASC /*application='NotesApp'*/[0m
  [1m[36mActiveRecord::InternalMetadata Load (1.2ms)[0m  [1m[34mSELECT * FROM "ar_internal_metadata" WHERE "ar_internal_metadata"."key" = 'environment' ORDER BY "ar_internal_metadata"."key" ASC LIMIT 1 /*application='NotesApp'*/[0m
  [1m[36mActiveRecord::InternalMetadata Create (1.3ms)[0m  [1m[32mINSERT INTO "ar_internal_metadata" ("key", "value", "created_at", "updated_at") VALUES ('environment', 'development', '2025-06-24 05:11:19.787971', '2025-06-24 05:11:19.787975') RETURNING "key" /*application='NotesApp'*/[0m
Migrating to CreateNotes (20250624051021)
  [1m[36mTRANSACTION (0.5ms)[0m  [1m[35mBEGIN /*application='NotesApp'*/[0m
  [1m[35m (8.1ms)[0m  [1m[35mCREATE TABLE "notes" ("id" bigserial primary key, "title" character varying, "content" text, "created_at" timestamp(6) NOT NULL, "updated_at" timestamp(6) NOT NULL) /*application='NotesApp'*/[0m
  [1m[36mActiveRecord::SchemaMigration Create (1.0ms)[0m  [1m[32mINSERT INTO "schema_migrations" ("version") VALUES ('20250624051021') RETURNING "version" /*application='NotesApp'*/[0m
  [1m[36mTRANSACTION (1.3ms)[0m  [1m[35mCOMMIT /*application='NotesApp'*/[0m
  [1m[35m (0.8ms)[0m  [1m[34mSELECT pg_advisory_unlock(1113039369399001800) /*application='NotesApp'*/[0m
  [1m[36mActiveRecord::SchemaMigration Load (0.3ms)[0m  [1m[34mSELECT "schema_migrations"."version" FROM "schema_migrations" ORDER BY "schema_migrations"."version" ASC /*application='NotesApp'*/[0m
Started GET "/" for ::1 at 2025-06-24 12:12:41 +0700
  [1m[36mActiveRecord::SchemaMigration Load (1.1ms)[0m  [1m[34mSELECT "schema_migrations"."version" FROM "schema_migrations" ORDER BY "schema_migrations"."version" ASC /*application='NotesApp'*/[0m
Processing by Rails::WelcomeController#index as */*
  Rendering /home/kusumaningrat/.rbenv/versions/3.3.0/lib/ruby/gems/3.3.0/gems/railties-8.0.2/lib/rails/templates/rails/welcome/index.html.erb
  Rendered /home/kusumaningrat/.rbenv/versions/3.3.0/lib/ruby/gems/3.3.0/gems/railties-8.0.2/lib/rails/templates/rails/welcome/index.html.erb (Duration: 0.9ms | GC: 0.0ms)
Completed 200 OK in 40ms (Views: 7.8ms | ActiveRecord: 0.0ms (0 queries, 0 cached) | GC: 0.0ms)


Started GET "/notes" for ::1 at 2025-06-24 12:12:49 +0700
Processing by NotesController#index as */*
  Rendering layout layouts/application.html.erb
  Rendering notes/index.html.erb within layouts/application
  [1m[36mNote Load (19.1ms)[0m  [1m[34mSELECT "notes".* FROM "notes" /*action='index',application='NotesApp',controller='notes'*/[0m
  ↳ app/views/notes/index.html.erb:8
  Rendered notes/index.html.erb within layouts/application (Duration: 24.1ms | GC: 0.0ms)
  Rendered layout layouts/application.html.erb (Duration: 35.3ms | GC: 0.0ms)
Completed 200 OK in 90ms (Views: 9.6ms | ActiveRecord: 27.6ms (1 query, 0 cached) | GC: 0.0ms)


Started GET "/notes" for ::1 at 2025-06-24 12:12:55 +0700
Processing by NotesController#index as HTML
  Rendering layout layouts/application.html.erb
  Rendering notes/index.html.erb within layouts/application
  [1m[36mNote Load (0.7ms)[0m  [1m[34mSELECT "notes".* FROM "notes" /*action='index',application='NotesApp',controller='notes'*/[0m
  ↳ app/views/notes/index.html.erb:8
  Rendered notes/index.html.erb within layouts/application (Duration: 2.3ms | GC: 0.0ms)
  Rendered layout layouts/application.html.erb (Duration: 3.2ms | GC: 0.0ms)
Completed 200 OK in 13ms (Views: 3.2ms | ActiveRecord: 0.7ms (1 query, 0 cached) | GC: 0.0ms)


Started GET "/assets/application-8b441ae0.css" for ::1 at 2025-06-24 12:12:55 +0700
Started GET "/assets/application-bfcdf840.js" for ::1 at 2025-06-24 12:12:55 +0700
Started GET "/assets/stimulus-loading-1fc53fe7.js" for ::1 at 2025-06-24 12:12:55 +0700
Started GET "/assets/controllers/hello_controller-708796bd.js" for ::1 at 2025-06-24 12:12:55 +0700
Started GET "/assets/controllers/index-ee64e1f1.js" for ::1 at 2025-06-24 12:12:55 +0700
Started GET "/assets/stimulus.min-4b1e420e.js" for ::1 at 2025-06-24 12:12:56 +0700
Started GET "/assets/turbo.min-3a2e143f.js" for ::1 at 2025-06-24 12:12:56 +0700
Started GET "/assets/controllers/application-3affb389.js" for ::1 at 2025-06-24 12:12:56 +0700
Started GET "/notes/new" for ::1 at 2025-06-24 12:12:57 +0700
Processing by NotesController#new as HTML
  Rendering layout layouts/application.html.erb
  Rendering notes/new.html.erb within layouts/application
  Rendered notes/_form.html.erb (Duration: 24.0ms | GC: 2.9ms)
  Rendered notes/new.html.erb within layouts/application (Duration: 25.4ms | GC: 2.9ms)
  Rendered layout layouts/application.html.erb (Duration: 26.7ms | GC: 2.9ms)
Completed 200 OK in 58ms (Views: 27.6ms | ActiveRecord: 8.5ms (0 queries, 0 cached) | GC: 4.4ms)


Started POST "/notes" for ::1 at 2025-06-24 12:13:15 +0700
Processing by NotesController#create as TURBO_STREAM
  Parameters: {"authenticity_token"=>"[FILTERED]", "note"=>{"title"=>"Test note", "content"=>"Contoh content note"}, "commit"=>"Create Note"}
  [1m[36mTRANSACTION (0.6ms)[0m  [1m[35mBEGIN /*action='create',application='NotesApp',controller='notes'*/[0m
  ↳ app/controllers/notes_controller.rb:27:in `block in create'
  [1m[36mNote Create (3.9ms)[0m  [1m[32mINSERT INTO "notes" ("title", "content", "created_at", "updated_at") VALUES ('Test note', 'Contoh content note', '2025-06-24 05:13:15.179289', '2025-06-24 05:13:15.179289') RETURNING "id" /*action='create',application='NotesApp',controller='notes'*/[0m
  ↳ app/controllers/notes_controller.rb:27:in `block in create'
  [1m[36mTRANSACTION (1.3ms)[0m  [1m[35mCOMMIT /*action='create',application='NotesApp',controller='notes'*/[0m
  ↳ app/controllers/notes_controller.rb:27:in `block in create'
Redirected to http://localhost:3000/notes/1
Completed 302 Found in 24ms (ActiveRecord: 5.7ms (1 query, 0 cached) | GC: 0.6ms)


Started GET "/notes/1" for ::1 at 2025-06-24 12:13:15 +0700
Processing by NotesController#show as TURBO_STREAM
  Parameters: {"id"=>"1"}
  [1m[36mNote Load (1.2ms)[0m  [1m[34mSELECT "notes".* FROM "notes" WHERE "notes"."id" = 1 LIMIT 1 /*action='show',application='NotesApp',controller='notes'*/[0m
  ↳ app/controllers/notes_controller.rb:63:in `set_note'
  Rendering layout layouts/application.html.erb
  Rendering notes/show.html.erb within layouts/application
  Rendered notes/_note.html.erb (Duration: 0.5ms | GC: 0.0ms)
  Rendered notes/show.html.erb within layouts/application (Duration: 5.8ms | GC: 1.0ms)
  Rendered layout layouts/application.html.erb (Duration: 6.6ms | GC: 1.0ms)
Completed 200 OK in 24ms (Views: 7.1ms | ActiveRecord: 1.2ms (1 query, 0 cached) | GC: 1.0ms)


Started GET "/notes" for ::1 at 2025-06-24 12:13:17 +0700
Processing by NotesController#index as HTML
  Rendering layout layouts/application.html.erb
  Rendering notes/index.html.erb within layouts/application
  [1m[36mNote Load (1.2ms)[0m  [1m[34mSELECT "notes".* FROM "notes" /*action='index',application='NotesApp',controller='notes'*/[0m
  ↳ app/views/notes/index.html.erb:8
  Rendered notes/_note.html.erb (Duration: 0.2ms | GC: 0.0ms)
  Rendered notes/index.html.erb within layouts/application (Duration: 5.3ms | GC: 0.0ms)
  Rendered layout layouts/application.html.erb (Duration: 6.8ms | GC: 0.0ms)
Completed 200 OK in 17ms (Views: 6.5ms | ActiveRecord: 1.2ms (1 query, 0 cached) | GC: 0.0ms)


